Sample/build/intermediates/manifest_merge_blame_file/FullDebug/processFullDebugMainManifest/manifest-merger-blame-Full-debug-report.txt
1<?xml version="1.0" encoding="utf-8"?>
2<manifest xmlns:android="http://schemas.android.com/apk/res/android"
3    package="com.live2d.demo"
4    android:versionCode="1"
5    android:versionName="1.0" >
6
7    <uses-sdk
8        android:minSdkVersion="21"
9        android:targetSdkVersion="35" />
10
11    <uses-feature
11-->src/main/AndroidManifest.xml:4:3-6:30
12        android:glEsVersion="0x00020000"
12-->src/main/AndroidManifest.xml:5:5-37
13        android:required="true" />
13-->src/main/AndroidManifest.xml:6:5-28
14
15    <application
15-->src/main/AndroidManifest.xml:8:3-15:17
16        android:allowBackup="true"
16-->src/main/AndroidManifest.xml:9:5-31
17        android:appComponentFactory="androidx.core.app.CoreComponentFactory"
17-->[androidx.core:core:1.5.0] AndroidManifest.xml:24:18-86
18        android:debuggable="true"
19        android:extractNativeLibs="true"
20        android:icon="@mipmap/ic_launcher"
20-->src/main/AndroidManifest.xml:10:5-39
21        android:label="@string/app_name"
21-->src/main/AndroidManifest.xml:11:5-37
22        android:roundIcon="@mipmap/ic_launcher_round"
22-->src/main/AndroidManifest.xml:12:5-50
23        android:supportsRtl="true"
23-->src/main/AndroidManifest.xml:13:5-31
24        android:testOnly="true"
25        android:theme="@android:style/Theme.NoTitleBar" >
25-->src/main/AndroidManifest.xml:14:5-52
26        <activity
26-->src/Full/AndroidManifest.xml:15:5-25:16
27            android:name="com.live2d.demo.full.MainActivity"
27-->src/Full/AndroidManifest.xml:16:7-40
28            android:configChanges="orientation|screenSize"
28-->src/Full/AndroidManifest.xml:17:7-53
29            android:exported="true"
29-->src/Full/AndroidManifest.xml:19:7-30
30            android:screenOrientation="sensorLandscape" >
30-->src/Full/AndroidManifest.xml:18:7-50
31            <intent-filter>
31-->src/Full/AndroidManifest.xml:20:7-24:23
32                <action android:name="android.intent.action.MAIN" />
32-->src/Full/AndroidManifest.xml:21:9-60
32-->src/Full/AndroidManifest.xml:21:17-58
33
34                <category android:name="android.intent.category.LAUNCHER" />
34-->src/Full/AndroidManifest.xml:23:9-68
34-->src/Full/AndroidManifest.xml:23:19-66
35            </intent-filter>
36        </activity>
37    </application>
38
39</manifest>